<?xml version="1.0" encoding="UTF-8"?>
<testng-results ignored="0" total="1" passed="1" failed="0" skipped="0">
  <reporter-output>
  </reporter-output>
  <suite started-at="2020-05-07T16:50:23 IST" name="Default suite" finished-at="2020-05-07T16:52:26 IST" duration-ms="122816">
    <groups>
    </groups>
    <test started-at="2020-05-07T16:50:23 IST" name="Default test" finished-at="2020-05-07T16:52:26 IST" duration-ms="122816">
      <class name="testCase.VerifyCountryRegion">
        <test-method is-config="true" signature="initialization()[pri:0, instance:testCase.VerifyCountryRegion@15043a2f]" started-at="2020-05-07T16:50:23 IST" name="initialization" finished-at="2020-05-07T16:51:53 IST" duration-ms="90406" status="PASS">
          <reporter-output>
          </reporter-output>
        </test-method> <!-- initialization -->
        <test-method signature="verifyingCountry()[pri:0, instance:testCase.VerifyCountryRegion@15043a2f]" started-at="2020-05-07T16:51:53 IST" name="verifyingCountry" finished-at="2020-05-07T16:52:21 IST" duration-ms="28131" status="PASS">
          <reporter-output>
          </reporter-output>
        </test-method> <!-- verifyingCountry -->
        <test-method is-config="true" signature="endSession()[pri:0, instance:testCase.VerifyCountryRegion@15043a2f]" started-at="2020-05-07T16:52:21 IST" name="endSession" finished-at="2020-05-07T16:52:26 IST" duration-ms="4242" status="PASS">
          <reporter-output>
          </reporter-output>
        </test-method> <!-- endSession -->
      </class> <!-- testCase.VerifyCountryRegion -->
    </test> <!-- Default test -->
  </suite> <!-- Default suite -->
</testng-results>
